2020-08-30 20:17:26.808  INFO 17904 --- [main] c.y.c.SpringBootDemoCodegenApplication   : Starting SpringBootDemoCodegenApplication on DESKTOP-ALNJ7OC with PID 17904 (E:\File\code\spring-boot-codegen\target\classes started by yan in E:\File\code\spring-boot-codegen)
2020-08-30 20:17:26.811  INFO 17904 --- [main] c.y.c.SpringBootDemoCodegenApplication   : No active profile set, falling back to default profiles: default
2020-08-30 20:17:27.638  INFO 17904 --- [main] org.xnio                                 : XNIO version 3.3.8.Final
2020-08-30 20:17:27.648  INFO 17904 --- [main] org.xnio.nio                             : XNIO NIO Implementation Version 3.3.8.Final
2020-08-30 20:17:27.670  WARN 17904 --- [main] io.undertow.websockets.jsr               : UT026009: XNIO worker was not set on WebSocketDeploymentInfo, the default worker will be used
2020-08-30 20:17:27.670  WARN 17904 --- [main] io.undertow.websockets.jsr               : UT026010: Buffer pool was not set on WebSocketDeploymentInfo, the default pool will be used
2020-08-30 20:17:27.687  INFO 17904 --- [main] io.undertow.servlet                      : Initializing Spring embedded WebApplicationContext
2020-08-30 20:17:27.687  INFO 17904 --- [main] o.s.web.context.ContextLoader            : Root WebApplicationContext: initialization completed in 844 ms
2020-08-30 20:17:27.704  INFO 17904 --- [main] o.s.b.w.servlet.ServletRegistrationBean  : Servlet dispatcherServlet mapped to [/]
2020-08-30 20:17:27.707  INFO 17904 --- [main] o.s.b.w.servlet.FilterRegistrationBean   : Mapping filter: 'characterEncodingFilter' to: [/*]
2020-08-30 20:17:27.708  INFO 17904 --- [main] o.s.b.w.servlet.FilterRegistrationBean   : Mapping filter: 'hiddenHttpMethodFilter' to: [/*]
2020-08-30 20:17:27.708  INFO 17904 --- [main] o.s.b.w.servlet.FilterRegistrationBean   : Mapping filter: 'formContentFilter' to: [/*]
2020-08-30 20:17:27.708  INFO 17904 --- [main] o.s.b.w.servlet.FilterRegistrationBean   : Mapping filter: 'requestContextFilter' to: [/*]
2020-08-30 20:17:27.844  INFO 17904 --- [main] o.s.s.concurrent.ThreadPoolTaskExecutor  : Initializing ExecutorService 'applicationTaskExecutor'
2020-08-30 20:17:27.916  INFO 17904 --- [main] o.s.b.a.w.s.WelcomePageHandlerMapping    : Adding welcome page: class path resource [static/index.html]
2020-08-30 20:17:28.001  INFO 17904 --- [main] ConditionEvaluationReportLoggingListener : 

Error starting ApplicationContext. To display the conditions report re-run your application with 'debug' enabled.
2020-08-30 20:17:28.007  INFO 17904 --- [main] o.s.s.concurrent.ThreadPoolTaskExecutor  : Shutting down ExecutorService 'applicationTaskExecutor'
2020-08-30 20:19:04.276  INFO 14784 --- [main] c.y.c.SpringBootDemoCodegenApplication   : Starting SpringBootDemoCodegenApplication on DESKTOP-ALNJ7OC with PID 14784 (E:\File\code\spring-boot-codegen\target\classes started by yan in E:\File\code\spring-boot-codegen)
2020-08-30 20:19:04.278  INFO 14784 --- [main] c.y.c.SpringBootDemoCodegenApplication   : No active profile set, falling back to default profiles: default
2020-08-30 20:19:04.912  INFO 14784 --- [main] org.xnio                                 : XNIO version 3.3.8.Final
2020-08-30 20:19:04.922  INFO 14784 --- [main] org.xnio.nio                             : XNIO NIO Implementation Version 3.3.8.Final
2020-08-30 20:19:04.944  WARN 14784 --- [main] io.undertow.websockets.jsr               : UT026009: XNIO worker was not set on WebSocketDeploymentInfo, the default worker will be used
2020-08-30 20:19:04.944  WARN 14784 --- [main] io.undertow.websockets.jsr               : UT026010: Buffer pool was not set on WebSocketDeploymentInfo, the default pool will be used
2020-08-30 20:19:04.961  INFO 14784 --- [main] io.undertow.servlet                      : Initializing Spring embedded WebApplicationContext
2020-08-30 20:19:04.962  INFO 14784 --- [main] o.s.web.context.ContextLoader            : Root WebApplicationContext: initialization completed in 655 ms
2020-08-30 20:19:04.978  INFO 14784 --- [main] o.s.b.w.servlet.ServletRegistrationBean  : Servlet dispatcherServlet mapped to [/]
2020-08-30 20:19:04.982  INFO 14784 --- [main] o.s.b.w.servlet.FilterRegistrationBean   : Mapping filter: 'characterEncodingFilter' to: [/*]
2020-08-30 20:19:04.982  INFO 14784 --- [main] o.s.b.w.servlet.FilterRegistrationBean   : Mapping filter: 'hiddenHttpMethodFilter' to: [/*]
2020-08-30 20:19:04.982  INFO 14784 --- [main] o.s.b.w.servlet.FilterRegistrationBean   : Mapping filter: 'formContentFilter' to: [/*]
2020-08-30 20:19:04.982  INFO 14784 --- [main] o.s.b.w.servlet.FilterRegistrationBean   : Mapping filter: 'requestContextFilter' to: [/*]
2020-08-30 20:19:05.119  INFO 14784 --- [main] o.s.s.concurrent.ThreadPoolTaskExecutor  : Initializing ExecutorService 'applicationTaskExecutor'
2020-08-30 20:19:05.190  INFO 14784 --- [main] o.s.b.a.w.s.WelcomePageHandlerMapping    : Adding welcome page: class path resource [static/index.html]
2020-08-30 20:19:05.269  INFO 14784 --- [main] o.s.b.w.e.u.UndertowServletWebServer     : Undertow started on port(s) 8080 (http) with context path '/demo'
2020-08-30 20:19:05.272  INFO 14784 --- [main] c.y.c.SpringBootDemoCodegenApplication   : Started SpringBootDemoCodegenApplication in 1.332 seconds (JVM running for 1.9)
2020-08-30 20:19:15.619  INFO 14784 --- [XNIO-2 task-1] io.undertow.servlet                      : Initializing Spring DispatcherServlet 'dispatcherServlet'
2020-08-30 20:19:15.620  INFO 14784 --- [XNIO-2 task-1] o.s.web.servlet.DispatcherServlet        : Initializing Servlet 'dispatcherServlet'
2020-08-30 20:19:15.624  INFO 14784 --- [XNIO-2 task-1] o.s.web.servlet.DispatcherServlet        : Completed initialization in 4 ms
2020-08-30 20:20:08.472  INFO 18660 --- [main] c.y.c.SpringBootCodegenApplication       : Starting SpringBootCodegenApplication on DESKTOP-ALNJ7OC with PID 18660 (E:\File\code\spring-boot-codegen\target\classes started by yan in E:\File\code\spring-boot-codegen)
2020-08-30 20:20:08.475  INFO 18660 --- [main] c.y.c.SpringBootCodegenApplication       : No active profile set, falling back to default profiles: default
2020-08-30 20:20:09.115  INFO 18660 --- [main] org.xnio                                 : XNIO version 3.3.8.Final
2020-08-30 20:20:09.125  INFO 18660 --- [main] org.xnio.nio                             : XNIO NIO Implementation Version 3.3.8.Final
2020-08-30 20:20:09.147  WARN 18660 --- [main] io.undertow.websockets.jsr               : UT026009: XNIO worker was not set on WebSocketDeploymentInfo, the default worker will be used
2020-08-30 20:20:09.147  WARN 18660 --- [main] io.undertow.websockets.jsr               : UT026010: Buffer pool was not set on WebSocketDeploymentInfo, the default pool will be used
2020-08-30 20:20:09.165  INFO 18660 --- [main] io.undertow.servlet                      : Initializing Spring embedded WebApplicationContext
2020-08-30 20:20:09.165  INFO 18660 --- [main] o.s.web.context.ContextLoader            : Root WebApplicationContext: initialization completed in 660 ms
2020-08-30 20:20:09.182  INFO 18660 --- [main] o.s.b.w.servlet.ServletRegistrationBean  : Servlet dispatcherServlet mapped to [/]
2020-08-30 20:20:09.186  INFO 18660 --- [main] o.s.b.w.servlet.FilterRegistrationBean   : Mapping filter: 'characterEncodingFilter' to: [/*]
2020-08-30 20:20:09.186  INFO 18660 --- [main] o.s.b.w.servlet.FilterRegistrationBean   : Mapping filter: 'hiddenHttpMethodFilter' to: [/*]
2020-08-30 20:20:09.186  INFO 18660 --- [main] o.s.b.w.servlet.FilterRegistrationBean   : Mapping filter: 'formContentFilter' to: [/*]
2020-08-30 20:20:09.187  INFO 18660 --- [main] o.s.b.w.servlet.FilterRegistrationBean   : Mapping filter: 'requestContextFilter' to: [/*]
2020-08-30 20:20:09.326  INFO 18660 --- [main] o.s.s.concurrent.ThreadPoolTaskExecutor  : Initializing ExecutorService 'applicationTaskExecutor'
2020-08-30 20:20:09.400  INFO 18660 --- [main] o.s.b.a.w.s.WelcomePageHandlerMapping    : Adding welcome page: class path resource [static/index.html]
2020-08-30 20:20:09.485  INFO 18660 --- [main] o.s.b.w.e.u.UndertowServletWebServer     : Undertow started on port(s) 8080 (http) with context path '/demo'
2020-08-30 20:20:09.487  INFO 18660 --- [main] c.y.c.SpringBootCodegenApplication       : Started SpringBootCodegenApplication in 1.363 seconds (JVM running for 1.952)
